OPTIONS /api/track 204 /api/track  0 - 0.453 ms
POST /api/track 200 /api/track {"url":"/"} 7 - 17.121 ms
GET /images/logo/logo.png 200 /images/logo/logo.png {} 17723 - 27.711 ms
GET /api/count 200 /api/count {} 43 - 25.800 ms
GET /api/stats 200 /api/stats {} 55 - 26.153 ms
GET /api/running_time 200 /api/running_time {} 46 - 23.699 ms
GET /images/headImgs/headImg5.png 200 /images/headImgs/headImg5.png {} 17723 - 28.618 ms
GET /images/logo/logo.png 304 /images/logo/logo.png {}  - 1.720 ms
GET /images/headImgs/headImg5.png 304 /images/headImgs/headImg5.png {}  - 1.565 ms
OPTIONS /api/track 204 /api/track  0 - 0.101 ms
GET /api/count 304 /api/count {}  - 3.139 ms
GET /api/stats 200 /api/stats {} 55 - 2.974 ms
POST /api/track 200 /api/track {"url":"/"} 7 - 1.031 ms
GET /api/running_time 200 /api/running_time {} 47 - 4.460 ms
POST /api/track 200 /api/track {"url":"/blog"} 7 - 0.627 ms
GET /api/articles/getarticlelist 200 /api/articles/getarticlelist {} 6173 - 262.663 ms
POST /api/track 200 /api/track {"url":"/blog/6669404bd521294699546a7e"} 7 - 0.848 ms
GET /api/articles/getarticle/6669404bd521294699546a7e 200 /api/articles/getarticle/6669404bd521294699546a7e {} 575 - 256.120 ms
GET /images/artImgs/1718173770144.png 200 /images/artImgs/1718173770144.png {} 2548908 - 1.165 ms
POST /api/track 200 /api/track {"url":"/blog"} 7 - 0.674 ms
GET /api/articles/getarticlelist 200 /api/articles/getarticlelist {} 6173 - 253.280 ms
OPTIONS /api/track 204 /api/track  0 - 0.068 ms
GET /api/reactions 200 /api/reactions {} 12 - 3.242 ms
POST /api/track 200 /api/track {"url":"/about"} 7 - 0.844 ms
GET /api/message/getmessagelist 200 /api/message/getmessagelist {} 913 - 247.085 ms
GET /api/messagecomment/message/6666c429422a933ca7d32739 200 /api/messagecomment/message/6666c429422a933ca7d32739 {} 59 - 123.696 ms
GET /api/messagecomment/message/6666c464422a933ca7d3278a 200 /api/messagecomment/message/6666c464422a933ca7d3278a {} 376 - 244.380 ms
GET /images/headImgs/headImg5.png 304 /images/headImgs/headImg5.png {}  - 0.396 ms
GET /images/headImgs/headImg2.png 200 /images/headImgs/headImg2.png {} 99112 - 1.710 ms
POST /api/track 200 /api/track {"url":"/"} 7 - 0.756 ms
GET /api/count 304 /api/count {}  - 2.185 ms
GET /api/running_time 200 /api/running_time {} 47 - 1.163 ms
OPTIONS /api/track 204 /api/track  0 - 0.067 ms
POST /api/track 200 /api/track {"url":"/blog"} 7 - 0.622 ms
GET /api/articles/getarticlelist 304 /api/articles/getarticlelist {}  - 246.326 ms
POST /api/track 200 /api/track {"url":"/share"} 7 - 0.829 ms
GET /api/count 304 /api/count {}  - 0.905 ms
POST /api/track 200 /api/track {"url":"/"} 7 - 0.800 ms
GET /api/running_time 200 /api/running_time {} 47 - 0.675 ms
GET /images/logo/logo.png 304 /images/logo/logo.png {}  - 0.532 ms
GET /images/headImgs/headImg5.png 304 /images/headImgs/headImg5.png {}  - 0.527 ms
POST /api/track 200 /api/track {"url":"/"} 7 - 0.745 ms
GET /api/count 304 /api/count {}  - 1.301 ms
GET /api/stats 200 /api/stats {} 56 - 1.242 ms
GET /api/running_time 200 /api/running_time {} 47 - 1.664 ms
OPTIONS /api/track 204 /api/track  0 - 0.091 ms
GET /api/reactions 304 /api/reactions {}  - 2.260 ms
POST /api/track 200 /api/track {"url":"/about"} 7 - 0.681 ms
GET /api/message/getmessagelist 304 /api/message/getmessagelist {}  - 245.123 ms
GET /api/messagecomment/message/6666c429422a933ca7d32739 304 /api/messagecomment/message/6666c429422a933ca7d32739 {}  - 122.782 ms
GET /api/messagecomment/message/6666c464422a933ca7d3278a 304 /api/messagecomment/message/6666c464422a933ca7d3278a {}  - 243.368 ms
GET /images/headImgs/headImg2.png 304 /images/headImgs/headImg2.png {}  - 0.529 ms
GET /images/logo/logo.png 200 /images/logo/logo.png {} 17723 - 0.785 ms
OPTIONS /api/track 204 /api/track  0 - 0.066 ms
GET /images/headImgs/headImg5.png 200 /images/headImgs/headImg5.png {} 17723 - 3.694 ms
GET /api/count 200 /api/count {} 43 - 3.173 ms
GET /api/stats 200 /api/stats {} 56 - 2.987 ms
POST /api/track 200 /api/track {"url":"/"} 7 - 0.745 ms
GET /api/running_time 200 /api/running_time {} 47 - 2.093 ms
GET /images/headImgs/headImg5.png 304 /images/headImgs/headImg5.png {}  - 0.522 ms
OPTIONS /api/track 204 /api/track  0 - 0.070 ms
GET /api/count 304 /api/count {}  - 2.184 ms
POST /api/track 200 /api/track {"url":"/"} 7 - 0.967 ms
GET /api/running_time 200 /api/running_time {} 47 - 2.855 ms
GET /api/running_time 200 /api/running_time {} 47 - 0.742 ms
GET /api/running_time 200 /api/running_time {} 47 - 0.636 ms
GET /images/headImgs/headImg5.png 304 /images/headImgs/headImg5.png {}  - 0.607 ms
GET /images/logo/logo.png 304 /images/logo/logo.png {}  - 0.676 ms
GET /api/count 304 /api/count {}  - 0.703 ms
OPTIONS /api/track 204 /api/track  0 - 0.062 ms
GET /api/stats 200 /api/stats {} 56 - 0.807 ms
GET /api/running_time 200 /api/running_time {} 47 - 1.122 ms
POST /api/track 200 /api/track {"url":"/"} 7 - 0.750 ms
POST /api/track 200 /api/track {"url":"/blog"} 7 - 0.826 ms
GET /api/articles/getarticlelist 304 /api/articles/getarticlelist {}  - 247.232 ms
POST /api/track 200 /api/track {"url":"/share"} 7 - 0.638 ms
POST /api/track 200 /api/track {"url":"/"} 7 - 0.630 ms
GET /api/count 304 /api/count {}  - 1.835 ms
GET /api/running_time 200 /api/running_time {} 47 - 0.951 ms
GET /api/running_time 200 /api/running_time {} 47 - 0.737 ms
GET /api/running_time 200 /api/running_time {} 47 - 0.649 ms
GET /api/running_time 200 /api/running_time {} 47 - 0.662 ms
GET /api/running_time 200 /api/running_time {} 47 - 0.644 ms
GET /api/running_time 200 /api/running_time {} 47 - 0.786 ms
GET /api/running_time 200 /api/running_time {} 47 - 0.606 ms
GET /api/running_time 200 /api/running_time {} 47 - 0.712 ms
GET /api/running_time 200 /api/running_time {} 46 - 0.851 ms
GET /api/running_time 200 /api/running_time {} 46 - 0.671 ms
GET /api/running_time 200 /api/running_time {} 46 - 1.039 ms
GET /api/running_time 200 /api/running_time {} 46 - 0.959 ms
GET /api/running_time 200 /api/running_time {} 46 - 0.995 ms
GET /api/running_time 200 /api/running_time {} 47 - 0.980 ms
